[0.010s] Invoking command in '/home/liu/final_assessment/build/final_assessment': CMAKE_PREFIX_PATH=${CMAKE_PREFIX_PATH}:/home/liu/ros2_ws/install/launch_testing_examples:/home/liu/ros2_ws/install/examples_rclpy_pointcloud_publisher:/home/liu/ros2_ws/install/examples_rclpy_minimal_subscriber:/home/liu/ros2_ws/install/examples_rclpy_minimal_service:/home/liu/ros2_ws/install/examples_rclpy_minimal_publisher:/home/liu/ros2_ws/install/examples_rclpy_minimal_client:/home/liu/ros2_ws/install/examples_rclpy_minimal_action_server:/home/liu/ros2_ws/install/examples_rclpy_minimal_action_client:/home/liu/ros2_ws/install/examples_rclpy_guard_conditions:/home/liu/ros2_ws/install/examples_rclpy_executors:/opt/ros/humble /usr/bin/cmake /home/liu/final_assessment/ros_ws/src/final_assessment -DCMAKE_INSTALL_PREFIX=/home/liu/final_assessment/install/final_assessment
[0.023s] -- Found ament_cmake: 1.3.12 (/opt/ros/humble/share/ament_cmake/cmake)
[0.143s] -- Found rclcpp: 16.0.14 (/opt/ros/humble/share/rclcpp/cmake)
[0.163s] -- Found rosidl_generator_c: 3.1.7 (/opt/ros/humble/share/rosidl_generator_c/cmake)
[0.165s] -- Found rosidl_adapter: 3.1.7 (/opt/ros/humble/share/rosidl_adapter/cmake)
[0.168s] -- Found rosidl_generator_cpp: 3.1.7 (/opt/ros/humble/share/rosidl_generator_cpp/cmake)
[0.175s] -- Using all available rosidl_typesupport_c: rosidl_typesupport_fastrtps_c;rosidl_typesupport_introspection_c
[0.183s] -- Using all available rosidl_typesupport_cpp: rosidl_typesupport_fastrtps_cpp;rosidl_typesupport_introspection_cpp
[0.204s] -- Found rmw_implementation_cmake: 6.1.2 (/opt/ros/humble/share/rmw_implementation_cmake/cmake)
[0.206s] -- Found rmw_fastrtps_cpp: 6.2.8 (/opt/ros/humble/share/rmw_fastrtps_cpp/cmake)
[0.291s] -- Using RMW implementation 'rmw_fastrtps_cpp' as default
[0.328s] -- Found sensor_msgs: 4.9.0 (/opt/ros/humble/share/sensor_msgs/cmake)
[0.350s] -- Found ament_lint_auto: 0.12.14 (/opt/ros/humble/share/ament_lint_auto/cmake)
[0.413s] -- Added test 'cppcheck' to perform static code analysis on C / C++ code
[0.414s] -- Configured cppcheck include dirs: 
[0.414s] -- Configured cppcheck exclude dirs and/or files: 
[0.414s] -- Added test 'lint_cmake' to check CMake code style
[0.415s] -- Added test 'uncrustify' to check C / C++ code style
[0.415s] -- Configured uncrustify additional arguments: 
[0.415s] -- Added test 'xmllint' to check XML markup files
[0.416s] -- Configuring done
[0.422s] -- Generating done
[0.424s] -- Build files have been written to: /home/liu/final_assessment/build/final_assessment
[0.430s] Invoked command in '/home/liu/final_assessment/build/final_assessment' returned '0': CMAKE_PREFIX_PATH=${CMAKE_PREFIX_PATH}:/home/liu/ros2_ws/install/launch_testing_examples:/home/liu/ros2_ws/install/examples_rclpy_pointcloud_publisher:/home/liu/ros2_ws/install/examples_rclpy_minimal_subscriber:/home/liu/ros2_ws/install/examples_rclpy_minimal_service:/home/liu/ros2_ws/install/examples_rclpy_minimal_publisher:/home/liu/ros2_ws/install/examples_rclpy_minimal_client:/home/liu/ros2_ws/install/examples_rclpy_minimal_action_server:/home/liu/ros2_ws/install/examples_rclpy_minimal_action_client:/home/liu/ros2_ws/install/examples_rclpy_guard_conditions:/home/liu/ros2_ws/install/examples_rclpy_executors:/opt/ros/humble /usr/bin/cmake /home/liu/final_assessment/ros_ws/src/final_assessment -DCMAKE_INSTALL_PREFIX=/home/liu/final_assessment/install/final_assessment
[0.431s] Invoking command in '/home/liu/final_assessment/build/final_assessment': CMAKE_PREFIX_PATH=${CMAKE_PREFIX_PATH}:/home/liu/ros2_ws/install/launch_testing_examples:/home/liu/ros2_ws/install/examples_rclpy_pointcloud_publisher:/home/liu/ros2_ws/install/examples_rclpy_minimal_subscriber:/home/liu/ros2_ws/install/examples_rclpy_minimal_service:/home/liu/ros2_ws/install/examples_rclpy_minimal_publisher:/home/liu/ros2_ws/install/examples_rclpy_minimal_client:/home/liu/ros2_ws/install/examples_rclpy_minimal_action_server:/home/liu/ros2_ws/install/examples_rclpy_minimal_action_client:/home/liu/ros2_ws/install/examples_rclpy_guard_conditions:/home/liu/ros2_ws/install/examples_rclpy_executors:/opt/ros/humble /usr/bin/cmake --build /home/liu/final_assessment/build/final_assessment -- -j24 -l24
[0.474s] [ 25%] [32mBuilding CXX object CMakeFiles/publisher.dir/src/camera_info_publisher.cpp.o[0m
[0.475s] [ 50%] [32mBuilding CXX object CMakeFiles/subscriber.dir/src/calculated_armor_plate_attitude_subscribe.cpp.o[0m
[0.496s] [01m[K/home/liu/final_assessment/ros_ws/src/final_assessment/src/calculated_armor_plate_attitude_subscribe.cpp:3:10:[m[K [01;31m[Kfatal error: [m[Krclcpp/rclcpp.hpp: Ê≤°ÊúâÈÇ£‰∏™Êñá‰ª∂ÊàñÁõÆÂΩï
[0.496s]     3 | #include [01;31m[K"rclcpp/rclcpp.hpp"[m[K
[0.496s]       |          [01;31m[K^~~~~~~~~~~~~~~~~~~[m[K
[0.496s] compilation terminated.
[0.496s] gmake[2]: *** [CMakeFiles/subscriber.dir/build.make:76ÔºöCMakeFiles/subscriber.dir/src/calculated_armor_plate_attitude_subscribe.cpp.o] ÈîôËØØ 1
[0.496s] gmake[1]: *** [CMakeFiles/Makefile2:165ÔºöCMakeFiles/subscriber.dir/all] ÈîôËØØ 2
[0.496s] gmake[1]: *** Ê≠£Âú®Á≠âÂæÖÊú™ÂÆåÊàêÁöÑ‰ªªÂä°....
[1.878s] [01m[K/home/liu/final_assessment/ros_ws/src/final_assessment/src/camera_info_publisher.cpp:[m[K In member function ‚Äò[01m[Kvoid CameraInfoPublisher::publish_camera_info()[m[K‚Äô:
[1.878s] [01m[K/home/liu/final_assessment/ros_ws/src/final_assessment/src/camera_info_publisher.cpp:92:17:[m[K [01;31m[Kerror: [m[Kno match for ‚Äò[01m[Koperator=[m[K‚Äô (operand types are ‚Äò[01m[Ksensor_msgs::msg::CameraInfo_<std::allocator<void> >::_k_type[m[K‚Äô {aka ‚Äò[01m[Kstd::array<double, 9>[m[K‚Äô} and ‚Äò[01m[Kstd::vector<double, std::allocator<double> >[m[K‚Äô)
[1.878s]    92 |         msg.k = [01;31m[Kcamera_matrix_[m[K;
[1.878s]       |                 [01;31m[K^~~~~~~~~~~~~~[m[K
[1.878s] In file included from [01m[K/usr/include/c++/11/tuple:39[m[K,
[1.878s]                  from [01m[K/usr/include/c++/11/bits/unique_ptr.h:37[m[K,
[1.878s]                  from [01m[K/usr/include/c++/11/memory:76[m[K,
[1.878s]                  from [01m[K/opt/ros/humble/include/rclcpp/rclcpp/rclcpp.hpp:153[m[K,
[1.878s]                  from [01m[K/home/liu/final_assessment/ros_ws/src/final_assessment/src/camera_info_publisher.cpp:1[m[K:
[1.878s] [01m[K/usr/include/c++/11/array:95:12:[m[K [01;36m[Knote: [m[Kcandidate: ‚Äò[01m[Kconstexpr std::array<double, 9>& std::array<double, 9>::operator=(const std::array<double, 9>&)[m[K‚Äô
[1.878s]    95 |     struct [01;36m[Karray[m[K
[1.878s]       |            [01;36m[K^~~~~[m[K
[1.878s] [01m[K/usr/include/c++/11/array:95:12:[m[K [01;36m[Knote: [m[K  no known conversion for argument 1 from ‚Äò[01m[Kstd::vector<double, std::allocator<double> >[m[K‚Äô to ‚Äò[01m[Kconst std::array<double, 9>&[m[K‚Äô
[1.878s] [01m[K/usr/include/c++/11/array:95:12:[m[K [01;36m[Knote: [m[Kcandidate: ‚Äò[01m[Kconstexpr std::array<double, 9>& std::array<double, 9>::operator=(std::array<double, 9>&&)[m[K‚Äô
[1.878s] [01m[K/usr/include/c++/11/array:95:12:[m[K [01;36m[Knote: [m[K  no known conversion for argument 1 from ‚Äò[01m[Kstd::vector<double, std::allocator<double> >[m[K‚Äô to ‚Äò[01m[Kstd::array<double, 9>&&[m[K‚Äô
[1.878s] [01m[K/home/liu/final_assessment/ros_ws/src/final_assessment/src/camera_info_publisher.cpp:95:17:[m[K [01;31m[Kerror: [m[Kno match for ‚Äò[01m[Koperator=[m[K‚Äô (operand types are ‚Äò[01m[Ksensor_msgs::msg::CameraInfo_<std::allocator<void> >::_r_type[m[K‚Äô {aka ‚Äò[01m[Kstd::array<double, 9>[m[K‚Äô} and ‚Äò[01m[Kstd::vector<double, std::allocator<double> >[m[K‚Äô)
[1.878s]    95 |         msg.r = [01;31m[Krectification_matrix_[m[K;
[1.878s]       |                 [01;31m[K^~~~~~~~~~~~~~~~~~~~~[m[K
[1.878s] In file included from [01m[K/usr/include/c++/11/tuple:39[m[K,
[1.878s]                  from [01m[K/usr/include/c++/11/bits/unique_ptr.h:37[m[K,
[1.878s]                  from [01m[K/usr/include/c++/11/memory:76[m[K,
[1.878s]                  from [01m[K/opt/ros/humble/include/rclcpp/rclcpp/rclcpp.hpp:153[m[K,
[1.878s]                  from [01m[K/home/liu/final_assessment/ros_ws/src/final_assessment/src/camera_info_publisher.cpp:1[m[K:
[1.878s] [01m[K/usr/include/c++/11/array:95:12:[m[K [01;36m[Knote: [m[Kcandidate: ‚Äò[01m[Kconstexpr std::array<double, 9>& std::array<double, 9>::operator=(const std::array<double, 9>&)[m[K‚Äô
[1.878s]    95 |     struct [01;36m[Karray[m[K
[1.878s]       |            [01;36m[K^~~~~[m[K
[1.879s] [01m[K/usr/include/c++/11/array:95:12:[m[K [01;36m[Knote: [m[K  no known conversion for argument 1 from ‚Äò[01m[Kstd::vector<double, std::allocator<double> >[m[K‚Äô to ‚Äò[01m[Kconst std::array<double, 9>&[m[K‚Äô
[1.879s] [01m[K/usr/include/c++/11/array:95:12:[m[K [01;36m[Knote: [m[Kcandidate: ‚Äò[01m[Kconstexpr std::array<double, 9>& std::array<double, 9>::operator=(std::array<double, 9>&&)[m[K‚Äô
[1.879s] [01m[K/usr/include/c++/11/array:95:12:[m[K [01;36m[Knote: [m[K  no known conversion for argument 1 from ‚Äò[01m[Kstd::vector<double, std::allocator<double> >[m[K‚Äô to ‚Äò[01m[Kstd::array<double, 9>&&[m[K‚Äô
[1.879s] [01m[K/home/liu/final_assessment/ros_ws/src/final_assessment/src/camera_info_publisher.cpp:98:17:[m[K [01;31m[Kerror: [m[Kno match for ‚Äò[01m[Koperator=[m[K‚Äô (operand types are ‚Äò[01m[Ksensor_msgs::msg::CameraInfo_<std::allocator<void> >::_p_type[m[K‚Äô {aka ‚Äò[01m[Kstd::array<double, 12>[m[K‚Äô} and ‚Äò[01m[Kstd::vector<double, std::allocator<double> >[m[K‚Äô)
[1.879s]    98 |         msg.p = [01;31m[Kprojection_matrix_[m[K;
[1.879s]       |                 [01;31m[K^~~~~~~~~~~~~~~~~~[m[K
[1.879s] In file included from [01m[K/usr/include/c++/11/tuple:39[m[K,
[1.879s]                  from [01m[K/usr/include/c++/11/bits/unique_ptr.h:37[m[K,
[1.879s]                  from [01m[K/usr/include/c++/11/memory:76[m[K,
[1.879s]                  from [01m[K/opt/ros/humble/include/rclcpp/rclcpp/rclcpp.hpp:153[m[K,
[1.879s]                  from [01m[K/home/liu/final_assessment/ros_ws/src/final_assessment/src/camera_info_publisher.cpp:1[m[K:
[1.879s] [01m[K/usr/include/c++/11/array:95:12:[m[K [01;36m[Knote: [m[Kcandidate: ‚Äò[01m[Kconstexpr std::array<double, 12>& std::array<double, 12>::operator=(const std::array<double, 12>&)[m[K‚Äô
[1.879s]    95 |     struct [01;36m[Karray[m[K
[1.879s]       |            [01;36m[K^~~~~[m[K
[1.879s] [01m[K/usr/include/c++/11/array:95:12:[m[K [01;36m[Knote: [m[K  no known conversion for argument 1 from ‚Äò[01m[Kstd::vector<double, std::allocator<double> >[m[K‚Äô to ‚Äò[01m[Kconst std::array<double, 12>&[m[K‚Äô
[1.879s] [01m[K/usr/include/c++/11/array:95:12:[m[K [01;36m[Knote: [m[Kcandidate: ‚Äò[01m[Kconstexpr std::array<double, 12>& std::array<double, 12>::operator=(std::array<double, 12>&&)[m[K‚Äô
[1.879s] [01m[K/usr/include/c++/11/array:95:12:[m[K [01;36m[Knote: [m[K  no known conversion for argument 1 from ‚Äò[01m[Kstd::vector<double, std::allocator<double> >[m[K‚Äô to ‚Äò[01m[Kstd::array<double, 12>&&[m[K‚Äô
[2.429s] gmake[2]: *** [CMakeFiles/publisher.dir/build.make:76ÔºöCMakeFiles/publisher.dir/src/camera_info_publisher.cpp.o] ÈîôËØØ 1
[2.429s] gmake[1]: *** [CMakeFiles/Makefile2:139ÔºöCMakeFiles/publisher.dir/all] ÈîôËØØ 2
[2.430s] gmake: *** [Makefile:146Ôºöall] ÈîôËØØ 2
[2.433s] Invoked command in '/home/liu/final_assessment/build/final_assessment' returned '2': CMAKE_PREFIX_PATH=${CMAKE_PREFIX_PATH}:/home/liu/ros2_ws/install/launch_testing_examples:/home/liu/ros2_ws/install/examples_rclpy_pointcloud_publisher:/home/liu/ros2_ws/install/examples_rclpy_minimal_subscriber:/home/liu/ros2_ws/install/examples_rclpy_minimal_service:/home/liu/ros2_ws/install/examples_rclpy_minimal_publisher:/home/liu/ros2_ws/install/examples_rclpy_minimal_client:/home/liu/ros2_ws/install/examples_rclpy_minimal_action_server:/home/liu/ros2_ws/install/examples_rclpy_minimal_action_client:/home/liu/ros2_ws/install/examples_rclpy_guard_conditions:/home/liu/ros2_ws/install/examples_rclpy_executors:/opt/ros/humble /usr/bin/cmake --build /home/liu/final_assessment/build/final_assessment -- -j24 -l24
