[0.010s] Invoking command in '/home/liu/final_assessment/build/final_assessment': CMAKE_PREFIX_PATH=${CMAKE_PREFIX_PATH}:/home/liu/ros2_ws/install/launch_testing_examples:/home/liu/ros2_ws/install/examples_rclpy_pointcloud_publisher:/home/liu/ros2_ws/install/examples_rclpy_minimal_subscriber:/home/liu/ros2_ws/install/examples_rclpy_minimal_service:/home/liu/ros2_ws/install/examples_rclpy_minimal_publisher:/home/liu/ros2_ws/install/examples_rclpy_minimal_client:/home/liu/ros2_ws/install/examples_rclpy_minimal_action_server:/home/liu/ros2_ws/install/examples_rclpy_minimal_action_client:/home/liu/ros2_ws/install/examples_rclpy_guard_conditions:/home/liu/ros2_ws/install/examples_rclpy_executors:/opt/ros/humble /usr/bin/cmake --build /home/liu/final_assessment/build/final_assessment -- -j24 -l24
[0.061s] [35m[1mConsolidate compiler generated dependencies of target publisher[0m
[0.082s] [ 50%] [32mBuilding CXX object CMakeFiles/publisher.dir/src/camera_info_publisher.cpp.o[0m
[0.218s] [01m[K/home/liu/final_assessment/ros_ws/src/final_assessment/src/camera_info_publisher.cpp:140:27:[m[K [01;31m[Kerror: [m[Kstray â€˜[01m[K#[m[Kâ€™ in program
[0.218s]   140 |     rclcpp::init(argc, arg[01;31m[K#[m[Kinclude "rclcpp/rclcpp.hpp"
[0.218s]       |                           [01;31m[K^[m[K
[1.525s] [01m[K/home/liu/final_assessment/ros_ws/src/final_assessment/src/camera_info_publisher.cpp:[m[K In function â€˜[01m[Kint main(int, char**)[m[Kâ€™:
[1.525s] [01m[K/home/liu/final_assessment/ros_ws/src/final_assessment/src/camera_info_publisher.cpp:140:24:[m[K [01;31m[Kerror: [m[Kâ€˜[01m[Karg[m[Kâ€™ was not declared in this scope; did you mean â€˜[01m[Kargc[m[Kâ€™?
[1.525s]   140 |     rclcpp::init(argc, [01;31m[Karg[m[K#include "rclcpp/rclcpp.hpp"
[1.525s]       |                        [01;31m[K^~~[m[K
[1.525s]       |                        [32m[Kargc[m[K
[1.525s] [01m[K/home/liu/final_assessment/ros_ws/src/final_assessment/src/camera_info_publisher.cpp:256:1:[m[K [01;31m[Kerror: [m[Ka function-definition is not allowed here before â€˜[01m[K{[m[Kâ€™ token
[1.525s]   256 | [01;31m[K{[m[K
[1.525s]       | [01;31m[K^[m[K
[1.526s] [01m[K/home/liu/final_assessment/ros_ws/src/final_assessment/src/camera_info_publisher.cpp:263:1:[m[K [01;31m[Kerror: [m[Kâ€˜[01m[Kv[m[Kâ€™ was not declared in this scope
[1.526s]   263 | [01;31m[Kv[m[K);
[1.526s]       | [01;31m[K^[m[K
[1.530s] [01m[K/home/liu/final_assessment/ros_ws/src/final_assessment/src/camera_info_publisher.cpp:138:27:[m[K [01;35m[Kwarning: [m[Kunused parameter â€˜[01m[Kargv[m[Kâ€™ [[01;35m[K]8;;https://gcc.gnu.org/onlinedocs/gcc/Warning-Options.html#index-Wunused-parameter-Wunused-parameter]8;;[m[K]
[1.530s]   138 | int main(int argc, [01;35m[Kchar * argv[][m[K)
[1.530s]       |                    [01;35m[K~~~~~~~^~~~~~[m[K
[2.082s] gmake[2]: *** [CMakeFiles/publisher.dir/build.make:76ï¼šCMakeFiles/publisher.dir/src/camera_info_publisher.cpp.o] é”™è¯¯ 1
[2.082s] gmake[1]: *** [CMakeFiles/Makefile2:137ï¼šCMakeFiles/publisher.dir/all] é”™è¯¯ 2
[2.083s] gmake: *** [Makefile:146ï¼šall] é”™è¯¯ 2
[2.086s] Invoked command in '/home/liu/final_assessment/build/final_assessment' returned '2': CMAKE_PREFIX_PATH=${CMAKE_PREFIX_PATH}:/home/liu/ros2_ws/install/launch_testing_examples:/home/liu/ros2_ws/install/examples_rclpy_pointcloud_publisher:/home/liu/ros2_ws/install/examples_rclpy_minimal_subscriber:/home/liu/ros2_ws/install/examples_rclpy_minimal_service:/home/liu/ros2_ws/install/examples_rclpy_minimal_publisher:/home/liu/ros2_ws/install/examples_rclpy_minimal_client:/home/liu/ros2_ws/install/examples_rclpy_minimal_action_server:/home/liu/ros2_ws/install/examples_rclpy_minimal_action_client:/home/liu/ros2_ws/install/examples_rclpy_guard_conditions:/home/liu/ros2_ws/install/examples_rclpy_executors:/opt/ros/humble /usr/bin/cmake --build /home/liu/final_assessment/build/final_assessment -- -j24 -l24
