[0.010s] Invoking command in '/home/liu/final_assessment/ros_ws/build/final_assessment': CMAKE_PREFIX_PATH=${CMAKE_PREFIX_PATH}:/home/liu/ros2_ws/install/launch_testing_examples:/home/liu/ros2_ws/install/examples_rclpy_pointcloud_publisher:/home/liu/ros2_ws/install/examples_rclpy_minimal_subscriber:/home/liu/ros2_ws/install/examples_rclpy_minimal_service:/home/liu/ros2_ws/install/examples_rclpy_minimal_publisher:/home/liu/ros2_ws/install/examples_rclpy_minimal_client:/home/liu/ros2_ws/install/examples_rclpy_minimal_action_server:/home/liu/ros2_ws/install/examples_rclpy_minimal_action_client:/home/liu/ros2_ws/install/examples_rclpy_guard_conditions:/home/liu/ros2_ws/install/examples_rclpy_executors:/opt/ros/humble /usr/bin/cmake /home/liu/final_assessment/ros_ws/src/final_assessment -DCMAKE_INSTALL_PREFIX=/home/liu/final_assessment/ros_ws/install/final_assessment
[0.019s] -- Found ament_cmake: 1.3.12 (/opt/ros/humble/share/ament_cmake/cmake)
[0.127s] -- Found rclcpp: 16.0.14 (/opt/ros/humble/share/rclcpp/cmake)
[0.146s] -- Found rosidl_generator_c: 3.1.7 (/opt/ros/humble/share/rosidl_generator_c/cmake)
[0.147s] -- Found rosidl_adapter: 3.1.7 (/opt/ros/humble/share/rosidl_adapter/cmake)
[0.151s] -- Found rosidl_generator_cpp: 3.1.7 (/opt/ros/humble/share/rosidl_generator_cpp/cmake)
[0.158s] -- Using all available rosidl_typesupport_c: rosidl_typesupport_fastrtps_c;rosidl_typesupport_introspection_c
[0.166s] -- Using all available rosidl_typesupport_cpp: rosidl_typesupport_fastrtps_cpp;rosidl_typesupport_introspection_cpp
[0.187s] -- Found rmw_implementation_cmake: 6.1.2 (/opt/ros/humble/share/rmw_implementation_cmake/cmake)
[0.189s] -- Found rmw_fastrtps_cpp: 6.2.8 (/opt/ros/humble/share/rmw_fastrtps_cpp/cmake)
[0.273s] -- Using RMW implementation 'rmw_fastrtps_cpp' as default
[0.312s] -- Found ament_lint_auto: 0.12.14 (/opt/ros/humble/share/ament_lint_auto/cmake)
[0.372s] -- Added test 'cppcheck' to perform static code analysis on C / C++ code
[0.372s] -- Configured cppcheck include dirs: 
[0.372s] -- Configured cppcheck exclude dirs and/or files: 
[0.372s] -- Added test 'lint_cmake' to check CMake code style
[0.372s] -- Added test 'uncrustify' to check C / C++ code style
[0.372s] -- Configured uncrustify additional arguments: 
[0.372s] -- Added test 'xmllint' to check XML markup files
[0.373s] -- Configuring done
[0.378s] -- Generating done
[0.381s] -- Build files have been written to: /home/liu/final_assessment/ros_ws/build/final_assessment
[0.387s] Invoked command in '/home/liu/final_assessment/ros_ws/build/final_assessment' returned '0': CMAKE_PREFIX_PATH=${CMAKE_PREFIX_PATH}:/home/liu/ros2_ws/install/launch_testing_examples:/home/liu/ros2_ws/install/examples_rclpy_pointcloud_publisher:/home/liu/ros2_ws/install/examples_rclpy_minimal_subscriber:/home/liu/ros2_ws/install/examples_rclpy_minimal_service:/home/liu/ros2_ws/install/examples_rclpy_minimal_publisher:/home/liu/ros2_ws/install/examples_rclpy_minimal_client:/home/liu/ros2_ws/install/examples_rclpy_minimal_action_server:/home/liu/ros2_ws/install/examples_rclpy_minimal_action_client:/home/liu/ros2_ws/install/examples_rclpy_guard_conditions:/home/liu/ros2_ws/install/examples_rclpy_executors:/opt/ros/humble /usr/bin/cmake /home/liu/final_assessment/ros_ws/src/final_assessment -DCMAKE_INSTALL_PREFIX=/home/liu/final_assessment/ros_ws/install/final_assessment
[0.387s] Invoking command in '/home/liu/final_assessment/ros_ws/build/final_assessment': CMAKE_PREFIX_PATH=${CMAKE_PREFIX_PATH}:/home/liu/ros2_ws/install/launch_testing_examples:/home/liu/ros2_ws/install/examples_rclpy_pointcloud_publisher:/home/liu/ros2_ws/install/examples_rclpy_minimal_subscriber:/home/liu/ros2_ws/install/examples_rclpy_minimal_service:/home/liu/ros2_ws/install/examples_rclpy_minimal_publisher:/home/liu/ros2_ws/install/examples_rclpy_minimal_client:/home/liu/ros2_ws/install/examples_rclpy_minimal_action_server:/home/liu/ros2_ws/install/examples_rclpy_minimal_action_client:/home/liu/ros2_ws/install/examples_rclpy_guard_conditions:/home/liu/ros2_ws/install/examples_rclpy_executors:/opt/ros/humble /usr/bin/cmake --build /home/liu/final_assessment/ros_ws/build/final_assessment -- -j24 -l24
[0.461s] [ 50%] [32mBuilding CXX object CMakeFiles/publisher.dir/src/calculated_armor_plate_attitude.cpp.o[0m
[2.145s] [100%] [32m[1mLinking CXX executable publisher[0m
[2.212s] /usr/bin/ld: /usr/lib/gcc/x86_64-linux-gnu/11/../../../x86_64-linux-gnu/Scrt1.o: in function `_start':
[2.212s] (.text+0x1b): undefined reference to `main'
[2.215s] collect2: error: ld returned 1 exit status
[2.216s] gmake[2]: *** [CMakeFiles/publisher.dir/build.make:159ï¼špublisher] é”™è¯¯ 1
[2.216s] gmake[1]: *** [CMakeFiles/Makefile2:137ï¼šCMakeFiles/publisher.dir/all] é”™è¯¯ 2
[2.217s] gmake: *** [Makefile:146ï¼šall] é”™è¯¯ 2
[2.219s] Invoked command in '/home/liu/final_assessment/ros_ws/build/final_assessment' returned '2': CMAKE_PREFIX_PATH=${CMAKE_PREFIX_PATH}:/home/liu/ros2_ws/install/launch_testing_examples:/home/liu/ros2_ws/install/examples_rclpy_pointcloud_publisher:/home/liu/ros2_ws/install/examples_rclpy_minimal_subscriber:/home/liu/ros2_ws/install/examples_rclpy_minimal_service:/home/liu/ros2_ws/install/examples_rclpy_minimal_publisher:/home/liu/ros2_ws/install/examples_rclpy_minimal_client:/home/liu/ros2_ws/install/examples_rclpy_minimal_action_server:/home/liu/ros2_ws/install/examples_rclpy_minimal_action_client:/home/liu/ros2_ws/install/examples_rclpy_guard_conditions:/home/liu/ros2_ws/install/examples_rclpy_executors:/opt/ros/humble /usr/bin/cmake --build /home/liu/final_assessment/ros_ws/build/final_assessment -- -j24 -l24
