[0.011s] Invoking command in '/home/liu/final_assessment/ros_ws/build/final_assessment': CMAKE_PREFIX_PATH=${CMAKE_PREFIX_PATH}:/home/liu/ros2_ws/install/launch_testing_examples:/home/liu/ros2_ws/install/examples_rclpy_pointcloud_publisher:/home/liu/ros2_ws/install/examples_rclpy_minimal_subscriber:/home/liu/ros2_ws/install/examples_rclpy_minimal_service:/home/liu/ros2_ws/install/examples_rclpy_minimal_publisher:/home/liu/ros2_ws/install/examples_rclpy_minimal_client:/home/liu/ros2_ws/install/examples_rclpy_minimal_action_server:/home/liu/ros2_ws/install/examples_rclpy_minimal_action_client:/home/liu/ros2_ws/install/examples_rclpy_guard_conditions:/home/liu/ros2_ws/install/examples_rclpy_executors:/opt/ros/humble /usr/bin/cmake --build /home/liu/final_assessment/ros_ws/build/final_assessment -- -j24 -l24
[0.051s] [35m[1mConsolidate compiler generated dependencies of target publisher[0m
[0.069s] [ 50%] [32mBuilding CXX object CMakeFiles/publisher.dir/src/calculated_armor_plate_attitude.cpp.o[0m
[1.433s] [01m[K/home/liu/final_assessment/ros_ws/src/final_assessment/src/calculated_armor_plate_attitude.cpp:[m[K In function â€˜[01m[Kint main(int, char**)[m[Kâ€™:
[1.433s] [01m[K/home/liu/final_assessment/ros_ws/src/final_assessment/src/calculated_armor_plate_attitude.cpp:13:33:[m[K [01;31m[Kerror: [m[Kâ€˜[01m[KMyNode[m[Kâ€™ was not declared in this scope
[1.433s]    13 |   rclcpp::spin(std::make_shared<[01;31m[KMyNode[m[K>());
[1.433s]       |                                 [01;31m[K^~~~~~[m[K
[1.433s] [01m[K/home/liu/final_assessment/ros_ws/src/final_assessment/src/calculated_armor_plate_attitude.cpp:13:40:[m[K [01;31m[Kerror: [m[Kno matching function for call to â€˜[01m[Kmake_shared<<expression error> >()[m[Kâ€™
[1.433s]    13 |   rclcpp::spin([01;31m[Kstd::make_shared<MyNode>()[m[K);
[1.433s]       |                [01;31m[K~~~~~~~~~~~~~~~~~~~~~~~~^~[m[K
[1.433s] In file included from [01m[K/usr/include/c++/11/memory:77[m[K,
[1.433s]                  from [01m[K/home/liu/final_assessment/ros_ws/src/final_assessment/src/calculated_armor_plate_attitude.cpp:3[m[K:
[1.433s] [01m[K/usr/include/c++/11/bits/shared_ptr.h:875:5:[m[K [01;36m[Knote: [m[Kcandidate: â€˜[01m[Ktemplate<class _Tp, class ... _Args> std::shared_ptr<_Tp> std::make_shared(_Args&& ...)[m[Kâ€™
[1.433s]   875 |     [01;36m[Kmake_shared[m[K(_Args&&... __args)
[1.433s]       |     [01;36m[K^~~~~~~~~~~[m[K
[1.433s] [01m[K/usr/include/c++/11/bits/shared_ptr.h:875:5:[m[K [01;36m[Knote: [m[K  template argument deduction/substitution failed:
[1.433s] [01m[K/home/liu/final_assessment/ros_ws/src/final_assessment/src/calculated_armor_plate_attitude.cpp:13:40:[m[K [01;31m[Kerror: [m[Ktemplate argument 1 is invalid
[1.433s]    13 |   rclcpp::spin([01;31m[Kstd::make_shared<MyNode>()[m[K);
[1.433s]       |                [01;31m[K~~~~~~~~~~~~~~~~~~~~~~~~^~[m[K
[1.695s] gmake[2]: *** [CMakeFiles/publisher.dir/build.make:76ï¼šCMakeFiles/publisher.dir/src/calculated_armor_plate_attitude.cpp.o] é”™è¯¯ 1
[1.696s] gmake[1]: *** [CMakeFiles/Makefile2:137ï¼šCMakeFiles/publisher.dir/all] é”™è¯¯ 2
[1.696s] gmake: *** [Makefile:146ï¼šall] é”™è¯¯ 2
[1.699s] Invoked command in '/home/liu/final_assessment/ros_ws/build/final_assessment' returned '2': CMAKE_PREFIX_PATH=${CMAKE_PREFIX_PATH}:/home/liu/ros2_ws/install/launch_testing_examples:/home/liu/ros2_ws/install/examples_rclpy_pointcloud_publisher:/home/liu/ros2_ws/install/examples_rclpy_minimal_subscriber:/home/liu/ros2_ws/install/examples_rclpy_minimal_service:/home/liu/ros2_ws/install/examples_rclpy_minimal_publisher:/home/liu/ros2_ws/install/examples_rclpy_minimal_client:/home/liu/ros2_ws/install/examples_rclpy_minimal_action_server:/home/liu/ros2_ws/install/examples_rclpy_minimal_action_client:/home/liu/ros2_ws/install/examples_rclpy_guard_conditions:/home/liu/ros2_ws/install/examples_rclpy_executors:/opt/ros/humble /usr/bin/cmake --build /home/liu/final_assessment/ros_ws/build/final_assessment -- -j24 -l24
